2023-07-28 16:29:57.593 -06:00 [DBG] Registered model binder providers, in the following order: ["Microsoft.AspNetCore.Mvc.ModelBinding.Binders.BinderTypeModelBinderProvider","Microsoft.AspNetCore.Mvc.ModelBinding.Binders.ServicesModelBinderProvider","Microsoft.AspNetCore.Mvc.ModelBinding.Binders.BodyModelBinderProvider","Microsoft.AspNetCore.Mvc.ModelBinding.Binders.HeaderModelBinderProvider","Microsoft.AspNetCore.Mvc.ModelBinding.Binders.FloatingPointTypeModelBinderProvider","Microsoft.AspNetCore.Mvc.ModelBinding.Binders.EnumTypeModelBinderProvider","Microsoft.AspNetCore.Mvc.ModelBinding.Binders.DateTimeModelBinderProvider","Microsoft.AspNetCore.Mvc.ModelBinding.Binders.SimpleTypeModelBinderProvider","Microsoft.AspNetCore.Mvc.ModelBinding.Binders.CancellationTokenModelBinderProvider","Microsoft.AspNetCore.Mvc.ModelBinding.Binders.ByteArrayModelBinderProvider","Microsoft.AspNetCore.Mvc.ModelBinding.Binders.FormFileModelBinderProvider","Microsoft.AspNetCore.Mvc.ModelBinding.Binders.FormCollectionModelBinderProvider","Microsoft.AspNetCore.Mvc.ModelBinding.Binders.KeyValuePairModelBinderProvider","Microsoft.AspNetCore.Mvc.ModelBinding.Binders.DictionaryModelBinderProvider","Microsoft.AspNetCore.Mvc.ModelBinding.Binders.ArrayModelBinderProvider","Microsoft.AspNetCore.Mvc.ModelBinding.Binders.CollectionModelBinderProvider","Microsoft.AspNetCore.Mvc.ModelBinding.Binders.ComplexObjectModelBinderProvider"]
2023-07-28 16:29:57.919 -06:00 [DBG] Hosting starting
2023-07-28 16:29:57.984 -06:00 [INF] User profile is available. Using '/Users/liveproductionsdj/.aspnet/DataProtection-Keys' as key repository; keys will not be encrypted at rest.
2023-07-28 16:29:57.988 -06:00 [DBG] Reading data from file '/Users/liveproductionsdj/.aspnet/DataProtection-Keys/key-806e1f1d-ce22-4d63-b0f8-8e5ce97ef5f3.xml'.
2023-07-28 16:29:57.994 -06:00 [DBG] Reading data from file '/Users/liveproductionsdj/.aspnet/DataProtection-Keys/key-2309fcf9-316a-47bd-9411-174124704f9c.xml'.
2023-07-28 16:29:58.002 -06:00 [DBG] Found key {806e1f1d-ce22-4d63-b0f8-8e5ce97ef5f3}.
2023-07-28 16:29:58.011 -06:00 [DBG] Found key {2309fcf9-316a-47bd-9411-174124704f9c}.
2023-07-28 16:29:58.026 -06:00 [DBG] Considering key {806e1f1d-ce22-4d63-b0f8-8e5ce97ef5f3} with expiration date 2023-10-17 17:37:21Z as default key.
2023-07-28 16:29:58.030 -06:00 [DBG] Forwarded activator type request from Microsoft.AspNetCore.DataProtection.AuthenticatedEncryption.ConfigurationModel.AuthenticatedEncryptorDescriptorDeserializer, Microsoft.AspNetCore.DataProtection, Version=6.0.0.0, Culture=neutral, PublicKeyToken=adb9793829ddae60 to Microsoft.AspNetCore.DataProtection.AuthenticatedEncryption.ConfigurationModel.AuthenticatedEncryptorDescriptorDeserializer, Microsoft.AspNetCore.DataProtection, Culture=neutral, PublicKeyToken=adb9793829ddae60
2023-07-28 16:29:58.083 -06:00 [DBG] Using managed symmetric algorithm 'System.Security.Cryptography.Aes'.
2023-07-28 16:29:58.083 -06:00 [DBG] Using managed keyed hash algorithm 'System.Security.Cryptography.HMACSHA256'.
2023-07-28 16:29:58.099 -06:00 [DBG] Using key {806e1f1d-ce22-4d63-b0f8-8e5ce97ef5f3} as the default key.
2023-07-28 16:29:58.100 -06:00 [DBG] Key ring with default key {806e1f1d-ce22-4d63-b0f8-8e5ce97ef5f3} was loaded during application startup.
2023-07-28 16:29:58.245 -06:00 [INF] Now listening on: http://localhost:46729
2023-07-28 16:29:58.245 -06:00 [DBG] Loaded hosting startup assembly Bovis.API
2023-07-28 16:29:58.245 -06:00 [INF] Application started. Press Ctrl+C to shut down.
2023-07-28 16:29:58.245 -06:00 [INF] Hosting environment: Development
2023-07-28 16:29:58.245 -06:00 [INF] Content root path: /Users/liveproductionsdj/Documents/Develop Projects/LP Solutions/Hunkabann/Bovis-api/Bovis.API/
2023-07-28 16:29:58.245 -06:00 [DBG] Hosting started
2023-07-28 16:29:58.382 -06:00 [DBG] Connection id "0HMSFN8MF3B4F" accepted.
2023-07-28 16:29:58.384 -06:00 [DBG] Connection id "0HMSFN8MF3B4F" started.
2023-07-28 16:29:59.314 -06:00 [DBG] Connection id "0HMSFN8MF3B4F" received FIN.
2023-07-28 16:29:59.319 -06:00 [DBG] Connection id "0HMSFN8MF3B4F" sending FIN because: "The client closed the connection."
2023-07-28 16:29:59.339 -06:00 [DBG] Connection id "0HMSFN8MF3B4F" disconnecting.
2023-07-28 16:29:59.346 -06:00 [DBG] Connection id "0HMSFN8MF3B4F" stopped.
2023-07-28 16:29:59.439 -06:00 [DBG] Connection id "0HMSFN8MF3B4G" accepted.
2023-07-28 16:29:59.440 -06:00 [DBG] Connection id "0HMSFN8MF3B4G" started.
2023-07-28 16:29:59.631 -06:00 [INF] Request starting HTTP/1.1 GET http://localhost:46729/ - -
2023-07-28 16:29:59.639 -06:00 [DBG] Wildcard detected, all requests with hosts will be allowed.
2023-07-28 16:29:59.696 -06:00 [DBG] No candidates found for the request path '/'
2023-07-28 16:29:59.697 -06:00 [DBG] Request did not match any endpoints
2023-07-28 16:29:59.749 -06:00 [DBG] The request path  does not match the path filter
2023-07-28 16:29:59.749 -06:00 [DBG] The request path  does not match the path filter
2023-07-28 16:29:59.755 -06:00 [WRN] Failed to determine the https port for redirect.
2023-07-28 16:29:59.992 -06:00 [DBG] AuthenticationScheme: Bearer was not authenticated.
2023-07-28 16:30:00.007 -06:00 [DBG] Connection id "0HMSFN8MF3B4G" completed keep alive response.
2023-07-28 16:30:00.023 -06:00 [INF] Request finished HTTP/1.1 GET http://localhost:46729/ - - - 404 0 - 398.7331ms
2023-07-28 16:30:54.953 -06:00 [DBG] Connection id "0HMSFN8MF3B4G" received FIN.
2023-07-28 16:30:55.002 -06:00 [DBG] Connection id "0HMSFN8MF3B4G" disconnecting.
2023-07-28 16:30:55.086 -06:00 [DBG] Connection id "0HMSFN8MF3B4G" sending FIN because: "The client closed the connection."
2023-07-28 16:30:55.091 -06:00 [DBG] Connection id "0HMSFN8MF3B4G" stopped.
2023-07-28 16:34:35.760 -06:00 [DBG] Registered model binder providers, in the following order: ["Microsoft.AspNetCore.Mvc.ModelBinding.Binders.BinderTypeModelBinderProvider","Microsoft.AspNetCore.Mvc.ModelBinding.Binders.ServicesModelBinderProvider","Microsoft.AspNetCore.Mvc.ModelBinding.Binders.BodyModelBinderProvider","Microsoft.AspNetCore.Mvc.ModelBinding.Binders.HeaderModelBinderProvider","Microsoft.AspNetCore.Mvc.ModelBinding.Binders.FloatingPointTypeModelBinderProvider","Microsoft.AspNetCore.Mvc.ModelBinding.Binders.EnumTypeModelBinderProvider","Microsoft.AspNetCore.Mvc.ModelBinding.Binders.DateTimeModelBinderProvider","Microsoft.AspNetCore.Mvc.ModelBinding.Binders.SimpleTypeModelBinderProvider","Microsoft.AspNetCore.Mvc.ModelBinding.Binders.CancellationTokenModelBinderProvider","Microsoft.AspNetCore.Mvc.ModelBinding.Binders.ByteArrayModelBinderProvider","Microsoft.AspNetCore.Mvc.ModelBinding.Binders.FormFileModelBinderProvider","Microsoft.AspNetCore.Mvc.ModelBinding.Binders.FormCollectionModelBinderProvider","Microsoft.AspNetCore.Mvc.ModelBinding.Binders.KeyValuePairModelBinderProvider","Microsoft.AspNetCore.Mvc.ModelBinding.Binders.DictionaryModelBinderProvider","Microsoft.AspNetCore.Mvc.ModelBinding.Binders.ArrayModelBinderProvider","Microsoft.AspNetCore.Mvc.ModelBinding.Binders.CollectionModelBinderProvider","Microsoft.AspNetCore.Mvc.ModelBinding.Binders.ComplexObjectModelBinderProvider"]
2023-07-28 16:34:36.087 -06:00 [DBG] Hosting starting
2023-07-28 16:34:36.142 -06:00 [INF] User profile is available. Using '/Users/liveproductionsdj/.aspnet/DataProtection-Keys' as key repository; keys will not be encrypted at rest.
2023-07-28 16:34:36.147 -06:00 [DBG] Reading data from file '/Users/liveproductionsdj/.aspnet/DataProtection-Keys/key-806e1f1d-ce22-4d63-b0f8-8e5ce97ef5f3.xml'.
2023-07-28 16:34:36.152 -06:00 [DBG] Reading data from file '/Users/liveproductionsdj/.aspnet/DataProtection-Keys/key-2309fcf9-316a-47bd-9411-174124704f9c.xml'.
2023-07-28 16:34:36.158 -06:00 [DBG] Found key {806e1f1d-ce22-4d63-b0f8-8e5ce97ef5f3}.
2023-07-28 16:34:36.164 -06:00 [DBG] Found key {2309fcf9-316a-47bd-9411-174124704f9c}.
2023-07-28 16:34:36.173 -06:00 [DBG] Considering key {806e1f1d-ce22-4d63-b0f8-8e5ce97ef5f3} with expiration date 2023-10-17 17:37:21Z as default key.
2023-07-28 16:34:36.174 -06:00 [DBG] Forwarded activator type request from Microsoft.AspNetCore.DataProtection.AuthenticatedEncryption.ConfigurationModel.AuthenticatedEncryptorDescriptorDeserializer, Microsoft.AspNetCore.DataProtection, Version=6.0.0.0, Culture=neutral, PublicKeyToken=adb9793829ddae60 to Microsoft.AspNetCore.DataProtection.AuthenticatedEncryption.ConfigurationModel.AuthenticatedEncryptorDescriptorDeserializer, Microsoft.AspNetCore.DataProtection, Culture=neutral, PublicKeyToken=adb9793829ddae60
2023-07-28 16:34:36.196 -06:00 [DBG] Using managed symmetric algorithm 'System.Security.Cryptography.Aes'.
2023-07-28 16:34:36.196 -06:00 [DBG] Using managed keyed hash algorithm 'System.Security.Cryptography.HMACSHA256'.
2023-07-28 16:34:36.202 -06:00 [DBG] Using key {806e1f1d-ce22-4d63-b0f8-8e5ce97ef5f3} as the default key.
2023-07-28 16:34:36.203 -06:00 [DBG] Key ring with default key {806e1f1d-ce22-4d63-b0f8-8e5ce97ef5f3} was loaded during application startup.
2023-07-28 16:34:36.337 -06:00 [INF] Now listening on: http://localhost:46729
2023-07-28 16:34:36.337 -06:00 [DBG] Loaded hosting startup assembly Bovis.API
2023-07-28 16:34:36.337 -06:00 [INF] Application started. Press Ctrl+C to shut down.
2023-07-28 16:34:36.337 -06:00 [INF] Hosting environment: Development
2023-07-28 16:34:36.338 -06:00 [INF] Content root path: /Users/liveproductionsdj/Documents/Develop Projects/LP Solutions/Hunkabann/Bovis-api/Bovis.API/
2023-07-28 16:34:36.338 -06:00 [DBG] Hosting started
2023-07-28 16:34:36.392 -06:00 [DBG] Connection id "0HMSFNB9AD7OF" accepted.
2023-07-28 16:34:36.393 -06:00 [DBG] Connection id "0HMSFNB9AD7OF" started.
2023-07-28 16:34:37.366 -06:00 [DBG] Connection id "0HMSFNB9AD7OF" received FIN.
2023-07-28 16:34:37.372 -06:00 [DBG] Connection id "0HMSFNB9AD7OF" sending FIN because: "The client closed the connection."
2023-07-28 16:34:37.396 -06:00 [DBG] Connection id "0HMSFNB9AD7OF" disconnecting.
2023-07-28 16:34:37.402 -06:00 [DBG] Connection id "0HMSFNB9AD7OF" stopped.
2023-07-28 16:34:37.417 -06:00 [DBG] Connection id "0HMSFNB9AD7OG" accepted.
2023-07-28 16:34:37.418 -06:00 [DBG] Connection id "0HMSFNB9AD7OG" started.
2023-07-28 16:34:37.476 -06:00 [INF] Request starting HTTP/1.1 GET http://localhost:46729/ - -
2023-07-28 16:34:37.484 -06:00 [DBG] Wildcard detected, all requests with hosts will be allowed.
2023-07-28 16:34:37.535 -06:00 [DBG] No candidates found for the request path '/'
2023-07-28 16:34:37.535 -06:00 [DBG] Request did not match any endpoints
2023-07-28 16:34:37.580 -06:00 [DBG] The request path  does not match the path filter
2023-07-28 16:34:37.580 -06:00 [DBG] The request path  does not match the path filter
2023-07-28 16:34:37.585 -06:00 [WRN] Failed to determine the https port for redirect.
2023-07-28 16:34:37.839 -06:00 [DBG] AuthenticationScheme: Bearer was not authenticated.
2023-07-28 16:34:37.865 -06:00 [DBG] Connection id "0HMSFNB9AD7OG" completed keep alive response.
2023-07-28 16:34:37.887 -06:00 [INF] Request finished HTTP/1.1 GET http://localhost:46729/ - - - 404 0 - 415.3155ms
2023-07-28 16:35:09.318 -06:00 [DBG] Connection id "0HMSFNB9AD7OH" received FIN.
2023-07-28 16:35:09.377 -06:00 [DBG] Connection id "0HMSFNB9AD7OH" accepted.
2023-07-28 16:35:09.423 -06:00 [DBG] Connection id "0HMSFNB9AD7OH" started.
2023-07-28 16:35:09.427 -06:00 [DBG] Connection id "0HMSFNB9AD7OI" accepted.
2023-07-28 16:35:09.427 -06:00 [DBG] Connection id "0HMSFNB9AD7OH" sending FIN because: "The client closed the connection."
2023-07-28 16:35:09.427 -06:00 [DBG] Connection id "0HMSFNB9AD7OI" started.
2023-07-28 16:35:09.427 -06:00 [DBG] Connection id "0HMSFNB9AD7OH" disconnecting.
2023-07-28 16:35:09.428 -06:00 [DBG] Connection id "0HMSFNB9AD7OH" stopped.
2023-07-28 16:35:09.428 -06:00 [INF] Request starting HTTP/1.1 GET http://localhost:46729/api/DOR/ConsultarMetas/274/5/0/Evaluacion - -
2023-07-28 16:35:09.441 -06:00 [DBG] 1 candidate(s) found for the request path '/api/DOR/ConsultarMetas/274/5/0/Evaluacion'
2023-07-28 16:35:09.446 -06:00 [DBG] Endpoint 'Bovis.API.Controllers.DorController.ObtenerMetasProyecto (Bovis.API)' with route pattern 'api/Dor/ConsultarMetas/{proyecto}/{nivel}/{mes}/{seccion}' is valid for the request path '/api/DOR/ConsultarMetas/274/5/0/Evaluacion'
2023-07-28 16:35:09.447 -06:00 [DBG] Request matched endpoint 'Bovis.API.Controllers.DorController.ObtenerMetasProyecto (Bovis.API)'
2023-07-28 16:35:09.448 -06:00 [DBG] Static files was skipped as the request already matched an endpoint.
2023-07-28 16:35:09.448 -06:00 [DBG] Static files was skipped as the request already matched an endpoint.
2023-07-28 16:35:09.450 -06:00 [DBG] AuthenticationScheme: Bearer was not authenticated.
2023-07-28 16:35:09.451 -06:00 [INF] Executing endpoint 'Bovis.API.Controllers.DorController.ObtenerMetasProyecto (Bovis.API)'
2023-07-28 16:35:09.508 -06:00 [INF] Route matched with {action = "ObtenerMetasProyecto", controller = "Dor"}. Executing controller action with signature System.Threading.Tasks.Task`1[Microsoft.AspNetCore.Mvc.IActionResult] ObtenerMetasProyecto(Int32, Int32, Int32, System.String) on controller Bovis.API.Controllers.DorController (Bovis.API).
2023-07-28 16:35:09.510 -06:00 [DBG] Execution plan of authorization filters (in the following order): ["None"]
2023-07-28 16:35:09.510 -06:00 [DBG] Execution plan of resource filters (in the following order): ["None"]
2023-07-28 16:35:09.510 -06:00 [DBG] Execution plan of action filters (in the following order): ["Microsoft.AspNetCore.Mvc.ModelBinding.UnsupportedContentTypeFilter (Order: -3000)","Microsoft.AspNetCore.Mvc.Infrastructure.ModelStateInvalidFilter (Order: -2000)"]
2023-07-28 16:35:09.511 -06:00 [DBG] Execution plan of exception filters (in the following order): ["Bovis.API.Helper.GlobalExceptionFilter"]
2023-07-28 16:35:09.511 -06:00 [DBG] Execution plan of result filters (in the following order): ["Microsoft.AspNetCore.Mvc.Infrastructure.ClientErrorResultFilter (Order: -2000)"]
2023-07-28 16:35:09.512 -06:00 [DBG] Executing controller factory for controller Bovis.API.Controllers.DorController (Bovis.API)
2023-07-28 16:35:10.047 -06:00 [DBG] Executed controller factory for controller Bovis.API.Controllers.DorController (Bovis.API)
2023-07-28 16:35:10.057 -06:00 [DBG] Attempting to bind parameter 'proyecto' of type 'System.Int32' ...
2023-07-28 16:35:10.061 -06:00 [DBG] Attempting to bind parameter 'proyecto' of type 'System.Int32' using the name 'proyecto' in request data ...
2023-07-28 16:35:10.063 -06:00 [DBG] Done attempting to bind parameter 'proyecto' of type 'System.Int32'.
2023-07-28 16:35:10.063 -06:00 [DBG] Done attempting to bind parameter 'proyecto' of type 'System.Int32'.
2023-07-28 16:35:10.063 -06:00 [DBG] Attempting to validate the bound parameter 'proyecto' of type 'System.Int32' ...
2023-07-28 16:35:10.066 -06:00 [DBG] Done attempting to validate the bound parameter 'proyecto' of type 'System.Int32'.
2023-07-28 16:35:10.069 -06:00 [DBG] Attempting to bind parameter 'nivel' of type 'System.Int32' ...
2023-07-28 16:35:10.070 -06:00 [DBG] Attempting to bind parameter 'nivel' of type 'System.Int32' using the name 'nivel' in request data ...
2023-07-28 16:35:10.070 -06:00 [DBG] Done attempting to bind parameter 'nivel' of type 'System.Int32'.
2023-07-28 16:35:10.070 -06:00 [DBG] Done attempting to bind parameter 'nivel' of type 'System.Int32'.
2023-07-28 16:35:10.070 -06:00 [DBG] Attempting to validate the bound parameter 'nivel' of type 'System.Int32' ...
2023-07-28 16:35:10.070 -06:00 [DBG] Done attempting to validate the bound parameter 'nivel' of type 'System.Int32'.
2023-07-28 16:35:10.071 -06:00 [DBG] Attempting to bind parameter 'mes' of type 'System.Int32' ...
2023-07-28 16:35:10.071 -06:00 [DBG] Attempting to bind parameter 'mes' of type 'System.Int32' using the name 'mes' in request data ...
2023-07-28 16:35:10.071 -06:00 [DBG] Done attempting to bind parameter 'mes' of type 'System.Int32'.
2023-07-28 16:35:10.072 -06:00 [DBG] Done attempting to bind parameter 'mes' of type 'System.Int32'.
2023-07-28 16:35:10.072 -06:00 [DBG] Attempting to validate the bound parameter 'mes' of type 'System.Int32' ...
2023-07-28 16:35:10.072 -06:00 [DBG] Done attempting to validate the bound parameter 'mes' of type 'System.Int32'.
2023-07-28 16:35:10.072 -06:00 [DBG] Attempting to bind parameter 'seccion' of type 'System.String' ...
2023-07-28 16:35:10.072 -06:00 [DBG] Attempting to bind parameter 'seccion' of type 'System.String' using the name 'seccion' in request data ...
2023-07-28 16:35:10.073 -06:00 [DBG] Done attempting to bind parameter 'seccion' of type 'System.String'.
2023-07-28 16:35:10.073 -06:00 [DBG] Done attempting to bind parameter 'seccion' of type 'System.String'.
2023-07-28 16:35:10.073 -06:00 [DBG] Attempting to validate the bound parameter 'seccion' of type 'System.String' ...
2023-07-28 16:35:10.073 -06:00 [DBG] Done attempting to validate the bound parameter 'seccion' of type 'System.String'.
2023-07-28 16:35:15.895 -06:00 [DBG] List of registered output formatters, in the following order: ["Microsoft.AspNetCore.Mvc.Formatters.HttpNoContentOutputFormatter","Microsoft.AspNetCore.Mvc.Formatters.StringOutputFormatter","Microsoft.AspNetCore.Mvc.Formatters.StreamOutputFormatter","Microsoft.AspNetCore.Mvc.Formatters.SystemTextJsonOutputFormatter"]
2023-07-28 16:35:15.900 -06:00 [DBG] No information found on request to perform content negotiation.
2023-07-28 16:35:15.900 -06:00 [DBG] Attempting to select an output formatter without using a content type as no explicit content types were specified for the response.
2023-07-28 16:35:15.900 -06:00 [DBG] Attempting to select the first formatter in the output formatters list which can write the result.
2023-07-28 16:35:15.901 -06:00 [DBG] Selected output formatter 'Microsoft.AspNetCore.Mvc.Formatters.SystemTextJsonOutputFormatter' and content type 'application/json' to write the response.
2023-07-28 16:35:15.902 -06:00 [INF] Executing OkObjectResult, writing value of type 'Bovis.Common.Response`1[[System.Collections.Generic.List`1[[Bovis.Common.Model.NoTable.Dor_ObjetivosGenerales, Bovis.Common.Model, Version=1.0.0.0, Culture=neutral, PublicKeyToken=null]], System.Private.CoreLib, Version=6.0.0.0, Culture=neutral, PublicKeyToken=7cec85d7bea7798e]]'.
2023-07-28 16:35:15.973 -06:00 [INF] Executed action Bovis.API.Controllers.DorController.ObtenerMetasProyecto (Bovis.API) in 6452.36ms
2023-07-28 16:35:15.975 -06:00 [INF] Executed endpoint 'Bovis.API.Controllers.DorController.ObtenerMetasProyecto (Bovis.API)'
2023-07-28 16:35:15.982 -06:00 [DBG] Connection id "0HMSFNB9AD7OI" completed keep alive response.
2023-07-28 16:35:16.021 -06:00 [INF] Request finished HTTP/1.1 GET http://localhost:46729/api/DOR/ConsultarMetas/274/5/0/Evaluacion - - - 200 - application/json;+charset=utf-8 6592.8379ms
2023-07-28 16:35:24.916 -06:00 [DBG] Connection id "0HMSFNB9AD7OG" received FIN.
2023-07-28 16:35:24.917 -06:00 [DBG] Connection id "0HMSFNB9AD7OG" sending FIN because: "The client closed the connection."
2023-07-28 16:35:24.917 -06:00 [DBG] Connection id "0HMSFNB9AD7OG" disconnecting.
2023-07-28 16:35:24.917 -06:00 [DBG] Connection id "0HMSFNB9AD7OG" stopped.
2023-07-28 16:36:51.459 -06:00 [DBG] Registered model binder providers, in the following order: ["Microsoft.AspNetCore.Mvc.ModelBinding.Binders.BinderTypeModelBinderProvider","Microsoft.AspNetCore.Mvc.ModelBinding.Binders.ServicesModelBinderProvider","Microsoft.AspNetCore.Mvc.ModelBinding.Binders.BodyModelBinderProvider","Microsoft.AspNetCore.Mvc.ModelBinding.Binders.HeaderModelBinderProvider","Microsoft.AspNetCore.Mvc.ModelBinding.Binders.FloatingPointTypeModelBinderProvider","Microsoft.AspNetCore.Mvc.ModelBinding.Binders.EnumTypeModelBinderProvider","Microsoft.AspNetCore.Mvc.ModelBinding.Binders.DateTimeModelBinderProvider","Microsoft.AspNetCore.Mvc.ModelBinding.Binders.SimpleTypeModelBinderProvider","Microsoft.AspNetCore.Mvc.ModelBinding.Binders.CancellationTokenModelBinderProvider","Microsoft.AspNetCore.Mvc.ModelBinding.Binders.ByteArrayModelBinderProvider","Microsoft.AspNetCore.Mvc.ModelBinding.Binders.FormFileModelBinderProvider","Microsoft.AspNetCore.Mvc.ModelBinding.Binders.FormCollectionModelBinderProvider","Microsoft.AspNetCore.Mvc.ModelBinding.Binders.KeyValuePairModelBinderProvider","Microsoft.AspNetCore.Mvc.ModelBinding.Binders.DictionaryModelBinderProvider","Microsoft.AspNetCore.Mvc.ModelBinding.Binders.ArrayModelBinderProvider","Microsoft.AspNetCore.Mvc.ModelBinding.Binders.CollectionModelBinderProvider","Microsoft.AspNetCore.Mvc.ModelBinding.Binders.ComplexObjectModelBinderProvider"]
2023-07-28 16:36:51.781 -06:00 [DBG] Hosting starting
2023-07-28 16:36:51.831 -06:00 [INF] User profile is available. Using '/Users/liveproductionsdj/.aspnet/DataProtection-Keys' as key repository; keys will not be encrypted at rest.
2023-07-28 16:36:51.834 -06:00 [DBG] Reading data from file '/Users/liveproductionsdj/.aspnet/DataProtection-Keys/key-806e1f1d-ce22-4d63-b0f8-8e5ce97ef5f3.xml'.
2023-07-28 16:36:51.839 -06:00 [DBG] Reading data from file '/Users/liveproductionsdj/.aspnet/DataProtection-Keys/key-2309fcf9-316a-47bd-9411-174124704f9c.xml'.
2023-07-28 16:36:51.846 -06:00 [DBG] Found key {806e1f1d-ce22-4d63-b0f8-8e5ce97ef5f3}.
2023-07-28 16:36:51.852 -06:00 [DBG] Found key {2309fcf9-316a-47bd-9411-174124704f9c}.
2023-07-28 16:36:51.862 -06:00 [DBG] Considering key {806e1f1d-ce22-4d63-b0f8-8e5ce97ef5f3} with expiration date 2023-10-17 17:37:21Z as default key.
2023-07-28 16:36:51.863 -06:00 [DBG] Forwarded activator type request from Microsoft.AspNetCore.DataProtection.AuthenticatedEncryption.ConfigurationModel.AuthenticatedEncryptorDescriptorDeserializer, Microsoft.AspNetCore.DataProtection, Version=6.0.0.0, Culture=neutral, PublicKeyToken=adb9793829ddae60 to Microsoft.AspNetCore.DataProtection.AuthenticatedEncryption.ConfigurationModel.AuthenticatedEncryptorDescriptorDeserializer, Microsoft.AspNetCore.DataProtection, Culture=neutral, PublicKeyToken=adb9793829ddae60
2023-07-28 16:36:51.883 -06:00 [DBG] Using managed symmetric algorithm 'System.Security.Cryptography.Aes'.
2023-07-28 16:36:51.883 -06:00 [DBG] Using managed keyed hash algorithm 'System.Security.Cryptography.HMACSHA256'.
2023-07-28 16:36:51.889 -06:00 [DBG] Using key {806e1f1d-ce22-4d63-b0f8-8e5ce97ef5f3} as the default key.
2023-07-28 16:36:51.890 -06:00 [DBG] Key ring with default key {806e1f1d-ce22-4d63-b0f8-8e5ce97ef5f3} was loaded during application startup.
2023-07-28 16:36:52.021 -06:00 [INF] Now listening on: http://localhost:46729
2023-07-28 16:36:52.021 -06:00 [DBG] Loaded hosting startup assembly Bovis.API
2023-07-28 16:36:52.021 -06:00 [INF] Application started. Press Ctrl+C to shut down.
2023-07-28 16:36:52.021 -06:00 [INF] Hosting environment: Development
2023-07-28 16:36:52.021 -06:00 [INF] Content root path: /Users/liveproductionsdj/Documents/Develop Projects/LP Solutions/Hunkabann/Bovis-api/Bovis.API/
2023-07-28 16:36:52.021 -06:00 [DBG] Hosting started
2023-07-28 16:36:52.093 -06:00 [DBG] Connection id "0HMSFNCHOHVBT" accepted.
2023-07-28 16:36:52.095 -06:00 [DBG] Connection id "0HMSFNCHOHVBT" started.
2023-07-28 16:36:53.039 -06:00 [DBG] Connection id "0HMSFNCHOHVBT" received FIN.
2023-07-28 16:36:53.046 -06:00 [DBG] Connection id "0HMSFNCHOHVBT" sending FIN because: "The client closed the connection."
2023-07-28 16:36:53.071 -06:00 [DBG] Connection id "0HMSFNCHOHVBT" disconnecting.
2023-07-28 16:36:53.077 -06:00 [DBG] Connection id "0HMSFNCHOHVBT" stopped.
2023-07-28 16:36:53.156 -06:00 [DBG] Connection id "0HMSFNCHOHVBU" accepted.
2023-07-28 16:36:53.157 -06:00 [DBG] Connection id "0HMSFNCHOHVBU" started.
2023-07-28 16:36:53.200 -06:00 [INF] Request starting HTTP/1.1 GET http://localhost:46729/ - -
2023-07-28 16:36:53.205 -06:00 [DBG] Wildcard detected, all requests with hosts will be allowed.
2023-07-28 16:36:53.256 -06:00 [DBG] No candidates found for the request path '/'
2023-07-28 16:36:53.257 -06:00 [DBG] Request did not match any endpoints
2023-07-28 16:36:53.307 -06:00 [DBG] The request path  does not match the path filter
2023-07-28 16:36:53.308 -06:00 [DBG] The request path  does not match the path filter
2023-07-28 16:36:53.311 -06:00 [WRN] Failed to determine the https port for redirect.
2023-07-28 16:36:53.557 -06:00 [DBG] AuthenticationScheme: Bearer was not authenticated.
2023-07-28 16:36:53.571 -06:00 [DBG] Connection id "0HMSFNCHOHVBU" completed keep alive response.
2023-07-28 16:36:53.583 -06:00 [INF] Request finished HTTP/1.1 GET http://localhost:46729/ - - - 404 0 - 388.4534ms
2023-07-28 16:37:11.593 -06:00 [DBG] Connection id "0HMSFNCHOHVBV" accepted.
2023-07-28 16:37:11.593 -06:00 [DBG] Connection id "0HMSFNCHOHVBV" started.
2023-07-28 16:37:11.593 -06:00 [DBG] Connection id "0HMSFNCHOHVBV" received FIN.
2023-07-28 16:37:11.594 -06:00 [DBG] Connection id "0HMSFNCHOHVC0" accepted.
2023-07-28 16:37:11.626 -06:00 [DBG] Connection id "0HMSFNCHOHVC0" started.
2023-07-28 16:37:11.626 -06:00 [DBG] Connection id "0HMSFNCHOHVBV" sending FIN because: "The client closed the connection."
2023-07-28 16:37:11.633 -06:00 [DBG] Connection id "0HMSFNCHOHVBV" disconnecting.
2023-07-28 16:37:11.643 -06:00 [DBG] Connection id "0HMSFNCHOHVBV" stopped.
2023-07-28 16:37:11.643 -06:00 [INF] Request starting HTTP/1.1 GET http://localhost:46729/api/DOR/ConsultarMetas/274/5/0/Evaluacion - -
2023-07-28 16:37:11.660 -06:00 [DBG] 1 candidate(s) found for the request path '/api/DOR/ConsultarMetas/274/5/0/Evaluacion'
2023-07-28 16:37:11.666 -06:00 [DBG] Endpoint 'Bovis.API.Controllers.DorController.ObtenerMetasProyecto (Bovis.API)' with route pattern 'api/Dor/ConsultarMetas/{proyecto}/{nivel}/{mes}/{seccion}' is valid for the request path '/api/DOR/ConsultarMetas/274/5/0/Evaluacion'
2023-07-28 16:37:11.668 -06:00 [DBG] Request matched endpoint 'Bovis.API.Controllers.DorController.ObtenerMetasProyecto (Bovis.API)'
2023-07-28 16:37:11.669 -06:00 [DBG] Static files was skipped as the request already matched an endpoint.
2023-07-28 16:37:11.669 -06:00 [DBG] Static files was skipped as the request already matched an endpoint.
2023-07-28 16:37:11.671 -06:00 [DBG] AuthenticationScheme: Bearer was not authenticated.
2023-07-28 16:37:11.673 -06:00 [INF] Executing endpoint 'Bovis.API.Controllers.DorController.ObtenerMetasProyecto (Bovis.API)'
2023-07-28 16:37:11.741 -06:00 [INF] Route matched with {action = "ObtenerMetasProyecto", controller = "Dor"}. Executing controller action with signature System.Threading.Tasks.Task`1[Microsoft.AspNetCore.Mvc.IActionResult] ObtenerMetasProyecto(Int32, Int32, Int32, System.String) on controller Bovis.API.Controllers.DorController (Bovis.API).
2023-07-28 16:37:11.744 -06:00 [DBG] Execution plan of authorization filters (in the following order): ["None"]
2023-07-28 16:37:11.745 -06:00 [DBG] Execution plan of resource filters (in the following order): ["None"]
2023-07-28 16:37:11.746 -06:00 [DBG] Execution plan of action filters (in the following order): ["Microsoft.AspNetCore.Mvc.ModelBinding.UnsupportedContentTypeFilter (Order: -3000)","Microsoft.AspNetCore.Mvc.Infrastructure.ModelStateInvalidFilter (Order: -2000)"]
2023-07-28 16:37:11.746 -06:00 [DBG] Execution plan of exception filters (in the following order): ["Bovis.API.Helper.GlobalExceptionFilter"]
2023-07-28 16:37:11.747 -06:00 [DBG] Execution plan of result filters (in the following order): ["Microsoft.AspNetCore.Mvc.Infrastructure.ClientErrorResultFilter (Order: -2000)"]
2023-07-28 16:37:11.749 -06:00 [DBG] Executing controller factory for controller Bovis.API.Controllers.DorController (Bovis.API)
2023-07-28 16:37:12.283 -06:00 [DBG] Executed controller factory for controller Bovis.API.Controllers.DorController (Bovis.API)
2023-07-28 16:37:12.291 -06:00 [DBG] Attempting to bind parameter 'proyecto' of type 'System.Int32' ...
2023-07-28 16:37:12.293 -06:00 [DBG] Attempting to bind parameter 'proyecto' of type 'System.Int32' using the name 'proyecto' in request data ...
2023-07-28 16:37:12.295 -06:00 [DBG] Done attempting to bind parameter 'proyecto' of type 'System.Int32'.
2023-07-28 16:37:12.295 -06:00 [DBG] Done attempting to bind parameter 'proyecto' of type 'System.Int32'.
2023-07-28 16:37:12.295 -06:00 [DBG] Attempting to validate the bound parameter 'proyecto' of type 'System.Int32' ...
2023-07-28 16:37:12.298 -06:00 [DBG] Done attempting to validate the bound parameter 'proyecto' of type 'System.Int32'.
2023-07-28 16:37:12.302 -06:00 [DBG] Attempting to bind parameter 'nivel' of type 'System.Int32' ...
2023-07-28 16:37:12.302 -06:00 [DBG] Attempting to bind parameter 'nivel' of type 'System.Int32' using the name 'nivel' in request data ...
2023-07-28 16:37:12.303 -06:00 [DBG] Done attempting to bind parameter 'nivel' of type 'System.Int32'.
2023-07-28 16:37:12.303 -06:00 [DBG] Done attempting to bind parameter 'nivel' of type 'System.Int32'.
2023-07-28 16:37:12.304 -06:00 [DBG] Attempting to validate the bound parameter 'nivel' of type 'System.Int32' ...
2023-07-28 16:37:12.305 -06:00 [DBG] Done attempting to validate the bound parameter 'nivel' of type 'System.Int32'.
2023-07-28 16:37:12.306 -06:00 [DBG] Attempting to bind parameter 'mes' of type 'System.Int32' ...
2023-07-28 16:37:12.306 -06:00 [DBG] Attempting to bind parameter 'mes' of type 'System.Int32' using the name 'mes' in request data ...
2023-07-28 16:37:12.307 -06:00 [DBG] Done attempting to bind parameter 'mes' of type 'System.Int32'.
2023-07-28 16:37:12.307 -06:00 [DBG] Done attempting to bind parameter 'mes' of type 'System.Int32'.
2023-07-28 16:37:12.308 -06:00 [DBG] Attempting to validate the bound parameter 'mes' of type 'System.Int32' ...
2023-07-28 16:37:12.308 -06:00 [DBG] Done attempting to validate the bound parameter 'mes' of type 'System.Int32'.
2023-07-28 16:37:12.309 -06:00 [DBG] Attempting to bind parameter 'seccion' of type 'System.String' ...
2023-07-28 16:37:12.309 -06:00 [DBG] Attempting to bind parameter 'seccion' of type 'System.String' using the name 'seccion' in request data ...
2023-07-28 16:37:12.309 -06:00 [DBG] Done attempting to bind parameter 'seccion' of type 'System.String'.
2023-07-28 16:37:12.310 -06:00 [DBG] Done attempting to bind parameter 'seccion' of type 'System.String'.
2023-07-28 16:37:12.310 -06:00 [DBG] Attempting to validate the bound parameter 'seccion' of type 'System.String' ...
2023-07-28 16:37:12.310 -06:00 [DBG] Done attempting to validate the bound parameter 'seccion' of type 'System.String'.
2023-07-28 16:37:18.124 -06:00 [DBG] List of registered output formatters, in the following order: ["Microsoft.AspNetCore.Mvc.Formatters.HttpNoContentOutputFormatter","Microsoft.AspNetCore.Mvc.Formatters.StringOutputFormatter","Microsoft.AspNetCore.Mvc.Formatters.StreamOutputFormatter","Microsoft.AspNetCore.Mvc.Formatters.SystemTextJsonOutputFormatter"]
2023-07-28 16:37:18.128 -06:00 [DBG] No information found on request to perform content negotiation.
2023-07-28 16:37:18.129 -06:00 [DBG] Attempting to select an output formatter without using a content type as no explicit content types were specified for the response.
2023-07-28 16:37:18.129 -06:00 [DBG] Attempting to select the first formatter in the output formatters list which can write the result.
2023-07-28 16:37:18.130 -06:00 [DBG] Selected output formatter 'Microsoft.AspNetCore.Mvc.Formatters.SystemTextJsonOutputFormatter' and content type 'application/json' to write the response.
2023-07-28 16:37:18.131 -06:00 [INF] Executing OkObjectResult, writing value of type 'Bovis.Common.Response`1[[System.Collections.Generic.List`1[[Bovis.Common.Model.NoTable.Dor_ObjetivosGenerales, Bovis.Common.Model, Version=1.0.0.0, Culture=neutral, PublicKeyToken=null]], System.Private.CoreLib, Version=6.0.0.0, Culture=neutral, PublicKeyToken=7cec85d7bea7798e]]'.
2023-07-28 16:37:18.195 -06:00 [INF] Executed action Bovis.API.Controllers.DorController.ObtenerMetasProyecto (Bovis.API) in 6439.0393ms
2023-07-28 16:37:18.198 -06:00 [INF] Executed endpoint 'Bovis.API.Controllers.DorController.ObtenerMetasProyecto (Bovis.API)'
2023-07-28 16:37:18.205 -06:00 [DBG] Connection id "0HMSFNCHOHVC0" completed keep alive response.
2023-07-28 16:37:18.238 -06:00 [INF] Request finished HTTP/1.1 GET http://localhost:46729/api/DOR/ConsultarMetas/274/5/0/Evaluacion - - - 200 - application/json;+charset=utf-8 6594.7492ms
2023-07-28 16:37:24.921 -06:00 [DBG] Connection id "0HMSFNCHOHVBU" received FIN.
2023-07-28 16:37:24.921 -06:00 [DBG] Connection id "0HMSFNCHOHVBU" sending FIN because: "The client closed the connection."
2023-07-28 16:37:24.922 -06:00 [DBG] Connection id "0HMSFNCHOHVBU" disconnecting.
2023-07-28 16:37:24.922 -06:00 [DBG] Connection id "0HMSFNCHOHVBU" stopped.
